2022-11-09 11:37:17,498  INFO [main] Automation_Project_2:44 - Browser is Opened
2022-11-09 11:37:17,648  INFO [main] Automation_Project_2:48 - Browser is Maximized
2022-11-09 11:37:19,281  INFO [main] Automation_Project_2:52 - URL is Opened
2022-11-09 11:37:19,583  INFO [main] Automation_Project_2:60 - Username is Entered
2022-11-09 11:37:19,738  INFO [main] Automation_Project_2:64 - Password is Entered
2022-11-09 11:37:19,925  INFO [main] Automation_Project_2:68 - Clicked on Login Button
2022-11-09 11:37:19,963  INFO [main] Automation_Project_2:48 - Apply Validation
2022-11-09 11:37:20,533  INFO [main] Automation_Project_2:77 - Browser is Closed
2022-11-09 11:37:23,124  INFO [main] Automation_Project_2:44 - Browser is Opened
2022-11-09 11:37:23,301  INFO [main] Automation_Project_2:48 - Browser is Maximized
2022-11-09 11:37:25,302  INFO [main] Automation_Project_2:52 - URL is Opened
2022-11-09 11:37:25,503  INFO [main] Automation_Project_2:60 - Username is Entered
2022-11-09 11:37:25,651  INFO [main] Automation_Project_2:64 - Password is Entered
2022-11-09 11:37:25,831  INFO [main] Automation_Project_2:68 - Clicked on Login Button
2022-11-09 11:37:25,971  INFO [main] Automation_Project_2:18 - Clicked on Bag Product Add to cart Button
2022-11-09 11:37:26,242  INFO [main] Automation_Project_2:26 - Apply Validation
2022-11-09 11:37:27,089  INFO [main] Automation_Project_2:77 - Browser is Closed
2022-11-09 11:37:29,761  INFO [main] Automation_Project_2:44 - Browser is Opened
2022-11-09 11:37:29,898  INFO [main] Automation_Project_2:48 - Browser is Maximized
2022-11-09 11:37:31,656  INFO [main] Automation_Project_2:52 - URL is Opened
2022-11-09 11:37:31,836  INFO [main] Automation_Project_2:60 - Username is Entered
2022-11-09 11:37:31,984  INFO [main] Automation_Project_2:64 - Password is Entered
2022-11-09 11:37:32,171  INFO [main] Automation_Project_2:68 - Clicked on Login Button
2022-11-09 11:37:32,837  INFO [main] Automation_Project_2:19 - Clicked on All Products ADD TO CART Buttons
2022-11-09 11:37:33,956  INFO [main] Automation_Project_2:77 - Browser is Closed
2022-11-09 11:37:37,558  INFO [main] Automation_Project_2:44 - Browser is Opened
2022-11-09 11:37:37,702  INFO [main] Automation_Project_2:48 - Browser is Maximized
2022-11-09 11:37:40,441  INFO [main] Automation_Project_2:52 - URL is Opened
2022-11-09 11:37:40,637  INFO [main] Automation_Project_2:60 - Username is Entered
2022-11-09 11:37:40,791  INFO [main] Automation_Project_2:64 - Password is Entered
2022-11-09 11:37:40,974  INFO [main] Automation_Project_2:68 - Clicked on Login Button
2022-11-09 11:37:41,135  INFO [main] Automation_Project_2:20 - Clicked on Menu Button
2022-11-09 11:37:41,555  INFO [main] Automation_Project_2:27 - Clicked on Logout Button
2022-11-09 11:37:41,988  INFO [main] Automation_Project_2:77 - Browser is Closed
